<?xml version="1.0" encoding="UTF-8"?>
<testsuite name="co.ceiba.service.notifypersonservicetest" tests="1" skipped="0" failures="0" errors="0" timestamp="2017-10-22T20:19:18" hostname="david" time="0.271">
  <properties/>
  <testcase name="notifytest" classname="co.ceiba.service.notifypersonservicetest" time="0.271"/>
  <system-out><![CDATA[Hola Mundo
]]></system-out>
  <system-err><![CDATA[]]></system-err>
</testsuite>
